# JRE version: Java(TM) SE Runtime Environment (8.0_211-b12) (build 1.8.0_211-b12)
# Java VM: Java HotSpot(TM) 64-Bit Server VM (25.211-b12 mixed mode windows-amd64 compressed oops)
Heap:
 PSYoungGen      total 461312K, used 83431K [0x00000000d5f00000, 0x00000000f8080000, 0x0000000100000000)
  eden space 415744K, 10% used [0x00000000d5f00000,0x00000000d889bf38,0x00000000ef500000)
  from space 45568K, 89% used [0x00000000ef500000,0x00000000f1cddfd0,0x00000000f2180000)
  to   space 49664K, 0% used [0x00000000f5000000,0x00000000f5000000,0x00000000f8080000)
 ParOldGen       total 185344K, used 42857K [0x0000000081c00000, 0x000000008d100000, 0x00000000d5f00000)
  object space 185344K, 23% used [0x0000000081c00000,0x00000000845da7e8,0x000000008d100000)
 Metaspace       used 143324K, capacity 145090K, committed 145624K, reserved 1175552K
  class space    used 18183K, capacity 18641K, committed 18648K, reserved 1048576K
GC Heap History (10 events):
Event: 403.060 GC heap before
{Heap before GC invocations=27 (full 4):
 PSYoungGen      total 367104K, used 334336K [0x00000000d5f00000, 0x00000000f1400000, 0x0000000100000000)
  eden space 334336K, 100% used [0x00000000d5f00000,0x00000000ea580000,0x00000000ea580000)
  from space 32768K, 0% used [0x00000000eca00000,0x00000000eca00000,0x00000000eea00000)
  to   space 37376K, 0% used [0x00000000ea580000,0x00000000ea580000,0x00000000eca00000)
 ParOldGen       total 185344K, used 42817K [0x0000000081c00000, 0x000000008d100000, 0x00000000d5f00000)
  object space 185344K, 23% used [0x0000000081c00000,0x00000000845d07e8,0x000000008d100000)
 Metaspace       used 106390K, capacity 107752K, committed 108504K, reserved 1144832K
  class space    used 13327K, capacity 13694K, committed 13784K, reserved 1048576K
Event: 403.075 GC heap after
Heap after GC invocations=27 (full 4):
 PSYoungGen      total 371712K, used 24431K [0x00000000d5f00000, 0x00000000f1e80000, 0x0000000100000000)
  eden space 334336K, 0% used [0x00000000d5f00000,0x00000000d5f00000,0x00000000ea580000)
  from space 37376K, 65% used [0x00000000ea580000,0x00000000ebd5bff0,0x00000000eca00000)
  to   space 37888K, 0% used [0x00000000ef980000,0x00000000ef980000,0x00000000f1e80000)
 ParOldGen       total 185344K, used 42825K [0x0000000081c00000, 0x000000008d100000, 0x00000000d5f00000)
  object space 185344K, 23% used [0x0000000081c00000,0x00000000845d27e8,0x000000008d100000)
 Metaspace       used 106390K, capacity 107752K, committed 108504K, reserved 1144832K
  class space    used 13327K, capacity 13694K, committed 13784K, reserved 1048576K
}
Event: 405.044 GC heap before
{Heap before GC invocations=28 (full 4):
 PSYoungGen      total 371712K, used 358767K [0x00000000d5f00000, 0x00000000f1e80000, 0x0000000100000000)
  eden space 334336K, 100% used [0x00000000d5f00000,0x00000000ea580000,0x00000000ea580000)
  from space 37376K, 65% used [0x00000000ea580000,0x00000000ebd5bff0,0x00000000eca00000)
  to   space 37888K, 0% used [0x00000000ef980000,0x00000000ef980000,0x00000000f1e80000)
 ParOldGen       total 185344K, used 42825K [0x0000000081c00000, 0x000000008d100000, 0x00000000d5f00000)
  object space 185344K, 23% used [0x0000000081c00000,0x00000000845d27e8,0x000000008d100000)
 Metaspace       used 113233K, capacity 114588K, committed 115288K, reserved 1150976K
  class space    used 14263K, capacity 14636K, committed 14680K, reserved 1048576K
Event: 405.067 GC heap after
Heap after GC invocations=28 (full 4):
 PSYoungGen      total 419328K, used 27605K [0x00000000d5f00000, 0x00000000f2700000, 0x0000000100000000)
  eden space 381440K, 0% used [0x00000000d5f00000,0x00000000d5f00000,0x00000000ed380000)
  from space 37888K, 72% used [0x00000000ef980000,0x00000000f1475438,0x00000000f1e80000)
  to   space 38912K, 0% used [0x00000000ed380000,0x00000000ed380000,0x00000000ef980000)
 ParOldGen       total 185344K, used 42833K [0x0000000081c00000, 0x000000008d100000, 0x00000000d5f00000)
  object space 185344K, 23% used [0x0000000081c00000,0x00000000845d47e8,0x000000008d100000)
 Metaspace       used 113233K, capacity 114588K, committed 115288K, reserved 1150976K
  class space    used 14263K, capacity 14636K, committed 14680K, reserved 1048576K
}
Event: 568.067 GC heap before
{Heap before GC invocations=29 (full 4):
 PSYoungGen      total 419328K, used 409045K [0x00000000d5f00000, 0x00000000f2700000, 0x0000000100000000)
  eden space 381440K, 100% used [0x00000000d5f00000,0x00000000ed380000,0x00000000ed380000)
  from space 37888K, 72% used [0x00000000ef980000,0x00000000f1475438,0x00000000f1e80000)
  to   space 38912K, 0% used [0x00000000ed380000,0x00000000ed380000,0x00000000ef980000)
 ParOldGen       total 185344K, used 42833K [0x0000000081c00000, 0x000000008d100000, 0x00000000d5f00000)
  object space 185344K, 23% used [0x0000000081c00000,0x00000000845d47e8,0x000000008d100000)
 Metaspace       used 119403K, capacity 120976K, committed 121816K, reserved 1155072K
  class space    used 15032K, capacity 15454K, committed 15576K, reserved 1048576K
Event: 568.093 GC heap after
Heap after GC invocations=29 (full 4):
 PSYoungGen      total 420352K, used 35613K [0x00000000d5f00000, 0x00000000f4e00000, 0x0000000100000000)
  eden space 381440K, 0% used [0x00000000d5f00000,0x00000000d5f00000,0x00000000ed380000)
  from space 38912K, 91% used [0x00000000ed380000,0x00000000ef647628,0x00000000ef980000)
  to   space 43008K, 0% used [0x00000000f2400000,0x00000000f2400000,0x00000000f4e00000)
 ParOldGen       total 185344K, used 42841K [0x0000000081c00000, 0x000000008d100000, 0x00000000d5f00000)
  object space 185344K, 23% used [0x0000000081c00000,0x00000000845d67e8,0x000000008d100000)
 Metaspace       used 119403K, capacity 120976K, committed 121816K, reserved 1155072K
  class space    used 15032K, capacity 15454K, committed 15576K, reserved 1048576K
}
Event: 590.596 GC heap before
{Heap before GC invocations=30 (full 4):
 PSYoungGen      total 420352K, used 417053K [0x00000000d5f00000, 0x00000000f4e00000, 0x0000000100000000)
  eden space 381440K, 100% used [0x00000000d5f00000,0x00000000ed380000,0x00000000ed380000)
  from space 38912K, 91% used [0x00000000ed380000,0x00000000ef647628,0x00000000ef980000)
  to   space 43008K, 0% used [0x00000000f2400000,0x00000000f2400000,0x00000000f4e00000)
 ParOldGen       total 185344K, used 42841K [0x0000000081c00000, 0x000000008d100000, 0x00000000d5f00000)
  object space 185344K, 23% used [0x0000000081c00000,0x00000000845d67e8,0x000000008d100000)
 Metaspace       used 132434K, capacity 134086K, committed 134744K, reserved 1167360K
  class space    used 16740K, capacity 17175K, committed 17240K, reserved 1048576K
Event: 590.631 GC heap after
Heap after GC invocations=30 (full 4):
 PSYoungGen      total 458752K, used 33720K [0x00000000d5f00000, 0x00000000f4e00000, 0x0000000100000000)
  eden space 415744K, 0% used [0x00000000d5f00000,0x00000000d5f00000,0x00000000ef500000)
  from space 43008K, 78% used [0x00000000f2400000,0x00000000f44ee1a0,0x00000000f4e00000)
  to   space 45568K, 0% used [0x00000000ef500000,0x00000000ef500000,0x00000000f2180000)
 ParOldGen       total 185344K, used 42849K [0x0000000081c00000, 0x000000008d100000, 0x00000000d5f00000)
  object space 185344K, 23% used [0x0000000081c00000,0x00000000845d87e8,0x000000008d100000)
 Metaspace       used 132434K, capacity 134086K, committed 134744K, reserved 1167360K
  class space    used 16740K, capacity 17175K, committed 17240K, reserved 1048576K
}
Event: 593.006 GC heap before
{Heap before GC invocations=31 (full 4):
 PSYoungGen      total 458752K, used 449464K [0x00000000d5f00000, 0x00000000f4e00000, 0x0000000100000000)
  eden space 415744K, 100% used [0x00000000d5f00000,0x00000000ef500000,0x00000000ef500000)
  from space 43008K, 78% used [0x00000000f2400000,0x00000000f44ee1a0,0x00000000f4e00000)
  to   space 45568K, 0% used [0x00000000ef500000,0x00000000ef500000,0x00000000f2180000)
 ParOldGen       total 185344K, used 42849K [0x0000000081c00000, 0x000000008d100000, 0x00000000d5f00000)
  object space 185344K, 23% used [0x0000000081c00000,0x00000000845d87e8,0x000000008d100000)
 Metaspace       used 142778K, capacity 144578K, committed 145368K, reserved 1175552K
  class space    used 18110K, capacity 18577K, committed 18648K, reserved 1048576K
Event: 593.029 GC heap after
Heap after GC invocations=31 (full 4):
 PSYoungGen      total 461312K, used 40823K [0x00000000d5f00000, 0x00000000f8080000, 0x0000000100000000)
  eden space 415744K, 0% used [0x00000000d5f00000,0x00000000d5f00000,0x00000000ef500000)
  from space 45568K, 89% used [0x00000000ef500000,0x00000000f1cddfd0,0x00000000f2180000)
  to   space 49664K, 0% used [0x00000000f5000000,0x00000000f5000000,0x00000000f8080000)
 ParOldGen       total 185344K, used 42857K [0x0000000081c00000, 0x000000008d100000, 0x00000000d5f00000)
  object space 185344K, 23% used [0x0000000081c00000,0x00000000845da7e8,0x000000008d100000)
 Metaspace       used 142778K, capacity 144578K, committed 145368K, reserved 1175552K
  class space    used 18110K, capacity 18577K, committed 18648K, reserved 1048576K
}

