# JRE version: Java(TM) SE Runtime Environment (8.0_211-b12) (build 1.8.0_211-b12)
# Java VM: Java HotSpot(TM) 64-Bit Server VM (25.211-b12 mixed mode windows-amd64 compressed oops)
Heap:
 PSYoungGen      total 522240K, used 374871K [0x00000000d5f00000, 0x00000000fa480000, 0x0000000100000000)
  eden space 471040K, 70% used [0x00000000d5f00000,0x00000000ea1a2c88,0x00000000f2b00000)
  from space 51200K, 86% used [0x00000000f6180000,0x00000000f8cf3270,0x00000000f9380000)
  to   space 55808K, 0% used [0x00000000f2b00000,0x00000000f2b00000,0x00000000f6180000)
 ParOldGen       total 199680K, used 43426K [0x0000000081c00000, 0x000000008df00000, 0x00000000d5f00000)
  object space 199680K, 21% used [0x0000000081c00000,0x0000000084668b40,0x000000008df00000)
 Metaspace       used 159513K, capacity 161478K, committed 162432K, reserved 1191936K
  class space    used 19746K, capacity 20263K, committed 20352K, reserved 1048576K
GC Heap History (10 events):
Event: 714.159 GC heap before
{Heap before GC invocations=26 (full 4):
 PSYoungGen      total 385024K, used 368917K [0x00000000d5f00000, 0x00000000f3280000, 0x0000000100000000)
  eden space 345088K, 100% used [0x00000000d5f00000,0x00000000eb000000,0x00000000eb000000)
  from space 39936K, 59% used [0x00000000eb000000,0x00000000ec745528,0x00000000ed700000)
  to   space 39424K, 0% used [0x00000000f0c00000,0x00000000f0c00000,0x00000000f3280000)
 ParOldGen       total 199680K, used 43386K [0x0000000081c00000, 0x000000008df00000, 0x00000000d5f00000)
  object space 199680K, 21% used [0x0000000081c00000,0x000000008465eb40,0x000000008df00000)
 Metaspace       used 114095K, capacity 115568K, committed 116480K, reserved 1150976K
  class space    used 13853K, capacity 14224K, committed 14336K, reserved 1048576K
Event: 714.187 GC heap after
Heap after GC invocations=26 (full 4):
 PSYoungGen      total 437248K, used 29463K [0x00000000d5f00000, 0x00000000f3880000, 0x0000000100000000)
  eden space 397824K, 0% used [0x00000000d5f00000,0x00000000d5f00000,0x00000000ee380000)
  from space 39424K, 74% used [0x00000000f0c00000,0x00000000f28c5dc8,0x00000000f3280000)
  to   space 41472K, 0% used [0x00000000ee380000,0x00000000ee380000,0x00000000f0c00000)
 ParOldGen       total 199680K, used 43394K [0x0000000081c00000, 0x000000008df00000, 0x00000000d5f00000)
  object space 199680K, 21% used [0x0000000081c00000,0x0000000084660b40,0x000000008df00000)
 Metaspace       used 114095K, capacity 115568K, committed 116480K, reserved 1150976K
  class space    used 13853K, capacity 14224K, committed 14336K, reserved 1048576K
}
Event: 746.556 GC heap before
{Heap before GC invocations=27 (full 4):
 PSYoungGen      total 437248K, used 427287K [0x00000000d5f00000, 0x00000000f3880000, 0x0000000100000000)
  eden space 397824K, 100% used [0x00000000d5f00000,0x00000000ee380000,0x00000000ee380000)
  from space 39424K, 74% used [0x00000000f0c00000,0x00000000f28c5dc8,0x00000000f3280000)
  to   space 41472K, 0% used [0x00000000ee380000,0x00000000ee380000,0x00000000f0c00000)
 ParOldGen       total 199680K, used 43394K [0x0000000081c00000, 0x000000008df00000, 0x00000000d5f00000)
  object space 199680K, 21% used [0x0000000081c00000,0x0000000084660b40,0x000000008df00000)
 Metaspace       used 120460K, capacity 122000K, committed 122880K, reserved 1157120K
  class space    used 14639K, capacity 15050K, committed 15104K, reserved 1048576K
Event: 746.583 GC heap after
Heap after GC invocations=27 (full 4):
 PSYoungGen      total 439296K, used 38156K [0x00000000d5f00000, 0x00000000f7300000, 0x0000000100000000)
  eden space 397824K, 0% used [0x00000000d5f00000,0x00000000d5f00000,0x00000000ee380000)
  from space 41472K, 92% used [0x00000000ee380000,0x00000000f08c32d0,0x00000000f0c00000)
  to   space 45568K, 0% used [0x00000000f4680000,0x00000000f4680000,0x00000000f7300000)
 ParOldGen       total 199680K, used 43402K [0x0000000081c00000, 0x000000008df00000, 0x00000000d5f00000)
  object space 199680K, 21% used [0x0000000081c00000,0x0000000084662b40,0x000000008df00000)
 Metaspace       used 120460K, capacity 122000K, committed 122880K, reserved 1157120K
  class space    used 14639K, capacity 15050K, committed 15104K, reserved 1048576K
}
Event: 839.652 GC heap before
{Heap before GC invocations=28 (full 4):
 PSYoungGen      total 439296K, used 435980K [0x00000000d5f00000, 0x00000000f7300000, 0x0000000100000000)
  eden space 397824K, 100% used [0x00000000d5f00000,0x00000000ee380000,0x00000000ee380000)
  from space 41472K, 92% used [0x00000000ee380000,0x00000000f08c32d0,0x00000000f0c00000)
  to   space 45568K, 0% used [0x00000000f4680000,0x00000000f4680000,0x00000000f7300000)
 ParOldGen       total 199680K, used 43402K [0x0000000081c00000, 0x000000008df00000, 0x00000000d5f00000)
  object space 199680K, 21% used [0x0000000081c00000,0x0000000084662b40,0x000000008df00000)
 Metaspace       used 133462K, capacity 135096K, committed 136064K, reserved 1169408K
  class space    used 16334K, capacity 16746K, committed 16768K, reserved 1048576K
Event: 839.683 GC heap after
Heap after GC invocations=28 (full 4):
 PSYoungGen      total 484864K, used 35664K [0x00000000d5f00000, 0x00000000f6e80000, 0x0000000100000000)
  eden space 443904K, 0% used [0x00000000d5f00000,0x00000000d5f00000,0x00000000f1080000)
  from space 40960K, 87% used [0x00000000f4680000,0x00000000f6954228,0x00000000f6e80000)
  to   space 48128K, 0% used [0x00000000f1080000,0x00000000f1080000,0x00000000f3f80000)
 ParOldGen       total 199680K, used 43410K [0x0000000081c00000, 0x000000008df00000, 0x00000000d5f00000)
  object space 199680K, 21% used [0x0000000081c00000,0x0000000084664b40,0x000000008df00000)
 Metaspace       used 133462K, capacity 135096K, committed 136064K, reserved 1169408K
  class space    used 16334K, capacity 16746K, committed 16768K, reserved 1048576K
}
Event: 981.827 GC heap before
{Heap before GC invocations=29 (full 4):
 PSYoungGen      total 484864K, used 479568K [0x00000000d5f00000, 0x00000000f6e80000, 0x0000000100000000)
  eden space 443904K, 100% used [0x00000000d5f00000,0x00000000f1080000,0x00000000f1080000)
  from space 40960K, 87% used [0x00000000f4680000,0x00000000f6954228,0x00000000f6e80000)
  to   space 48128K, 0% used [0x00000000f1080000,0x00000000f1080000,0x00000000f3f80000)
 ParOldGen       total 199680K, used 43410K [0x0000000081c00000, 0x000000008df00000, 0x00000000d5f00000)
  object space 199680K, 21% used [0x0000000081c00000,0x0000000084664b40,0x000000008df00000)
 Metaspace       used 144452K, capacity 146218K, committed 147328K, reserved 1177600K
  class space    used 17787K, capacity 18253K, committed 18304K, reserved 1048576K
Event: 981.850 GC heap after
Heap after GC invocations=29 (full 4):
 PSYoungGen      total 492032K, used 37658K [0x00000000d5f00000, 0x00000000f9380000, 0x0000000100000000)
  eden space 443904K, 0% used [0x00000000d5f00000,0x00000000d5f00000,0x00000000f1080000)
  from space 48128K, 78% used [0x00000000f1080000,0x00000000f3546ac0,0x00000000f3f80000)
  to   space 51200K, 0% used [0x00000000f6180000,0x00000000f6180000,0x00000000f9380000)
 ParOldGen       total 199680K, used 43418K [0x0000000081c00000, 0x000000008df00000, 0x00000000d5f00000)
  object space 199680K, 21% used [0x0000000081c00000,0x0000000084666b40,0x000000008df00000)
 Metaspace       used 144452K, capacity 146218K, committed 147328K, reserved 1177600K
  class space    used 17787K, capacity 18253K, committed 18304K, reserved 1048576K
}
Event: 983.967 GC heap before
{Heap before GC invocations=30 (full 4):
 PSYoungGen      total 492032K, used 481562K [0x00000000d5f00000, 0x00000000f9380000, 0x0000000100000000)
  eden space 443904K, 100% used [0x00000000d5f00000,0x00000000f1080000,0x00000000f1080000)
  from space 48128K, 78% used [0x00000000f1080000,0x00000000f3546ac0,0x00000000f3f80000)
  to   space 51200K, 0% used [0x00000000f6180000,0x00000000f6180000,0x00000000f9380000)
 ParOldGen       total 199680K, used 43418K [0x0000000081c00000, 0x000000008df00000, 0x00000000d5f00000)
  object space 199680K, 21% used [0x0000000081c00000,0x0000000084666b40,0x000000008df00000)
 Metaspace       used 153450K, capacity 155298K, committed 156288K, reserved 1185792K
  class space    used 18995K, capacity 19473K, committed 19584K, reserved 1048576K
Event: 983.996 GC heap after
Heap after GC invocations=30 (full 4):
 PSYoungGen      total 522240K, used 44492K [0x00000000d5f00000, 0x00000000fa480000, 0x0000000100000000)
  eden space 471040K, 0% used [0x00000000d5f00000,0x00000000d5f00000,0x00000000f2b00000)
  from space 51200K, 86% used [0x00000000f6180000,0x00000000f8cf3270,0x00000000f9380000)
  to   space 55808K, 0% used [0x00000000f2b00000,0x00000000f2b00000,0x00000000f6180000)
 ParOldGen       total 199680K, used 43426K [0x0000000081c00000, 0x000000008df00000, 0x00000000d5f00000)
  object space 199680K, 21% used [0x0000000081c00000,0x0000000084668b40,0x000000008df00000)
 Metaspace       used 153450K, capacity 155298K, committed 156288K, reserved 1185792K
  class space    used 18995K, capacity 19473K, committed 19584K, reserved 1048576K
}

